
ROM used:   352/8192 (4%)
            352/8192 (4%) including unused fragments

            0.4 Average locations per line
            7.2 Average locations per statement

RAM used:   16/368 (4%) at main() level
            23/368 (6%) worst case

Stack used: 1 worst case (0 in main + 1 for interrupts)
Stack size: 8

Lines Stmts  %   Files
----- ----- ---  -----
  123    49 100  main.c
  661     0   0  ..\..\Program Files (x86)\PICC\Devices\16F877A.h
----- -----
  784    49 Total

Page ROM  %  RAM   Vol Diff  Functions:
---- --- --- ---   --- ----  ----------
0     21   6    1             @delay_ms1
0     14   4    0             @const622
0     22   6    0   158  3.5  timer1_isr
0     15   4    0    78  1.6  timer1_config
0     21   6    3             @DIV88
0     35  10    4   136  3.5  exibir_display
0     39  11    1   113  2.5  botao_pressionado
0     32   9    6             @WRITEBITA
0     23   7    5             @READBITA
0     81  23    0   539  3.3  MAIN
 Inline         0             @cinit1

Program metrics:
    Functions               5
    Statements              49
    Comments                158
    Volume (V)              1472
    Difficulty (D)          13.8
    Effort to implement (E) 20259
    Time to implement (T)   19 minutes
    Est Delivered Bugs (B)  0
    Cyclomatic Complexity   8
    Maintainability (MI)    137

 Segment     Used  Free
-----------  ----  ----
00000-00003     4  0  
00004-00030    45  0  
00031-007FF   303  1696  
00800-00FFF     0  2048  
01000-017FF     0  2048  
01800-01FFF     0  2048  



